L 05/17/2023 - 17:08:06: Changing map to: c9m1_alleys... Reason: Server is restarted
L 05/17/2023 - 17:10:03: Sending '_restart'... Reason: Empty Server
L 05/17/2023 - 17:11:20: Changing map to: c10m1_caves... Reason: Server is restarted
L 05/17/2023 - 17:19:43: Sending '_restart'... Reason: Empty Server
L 05/17/2023 - 17:19:58: Changing map to: c11m1_greenhouse... Reason: Server is restarted
L 05/17/2023 - 17:24:00: Sending '_restart'... Reason: Empty Server
L 05/17/2023 - 17:24:00: Sending '_restart'... Reason: Empty Server
L 05/17/2023 - 17:24:00: Sending '_restart'... Reason: Empty Server
L 05/17/2023 - 17:24:00: Sending '_restart'... Reason: Empty Server
L 05/17/2023 - 17:24:12: Changing map to: c4m1_milltown_a... Reason: Server is restarted
L 05/17/2023 - 17:27:03: Changing map to: c5m1_waterfront... Reason: Server is restarted
L 05/19/2023 - 00:16:49: Changing map to: c4m1_milltown_a... Reason: Server is restarted
L 05/19/2023 - 00:23:24: Sending '_restart'... Reason: Empty Server
L 05/19/2023 - 00:23:57: Changing map to: c3m1_plankcountry... Reason: Server is restarted
L 05/19/2023 - 00:30:50: Sending '_restart'... Reason: Empty Server
L 05/19/2023 - 00:31:19: Changing map to: c6m1_riverbank... Reason: Server is restarted
L 05/19/2023 - 00:49:49: Sending '_restart'... Reason: Empty Server
L 05/19/2023 - 00:50:04: Changing map to: c2m1_highway... Reason: Server is restarted
L 05/19/2023 - 09:19:50: Changing map to: C12m1_hilltop... Reason: Server is restarted
L 05/19/2023 - 09:24:40: Sending '_restart'... Reason: Empty Server
L 05/19/2023 - 09:24:46: Changing map to: c6m1_riverbank... Reason: Server is restarted
L 05/24/2023 - 10:57:34: Changing map to: c3m1_plankcountry... Reason: Server is restarted
L 05/24/2023 - 11:02:15: Changing map to: c1m1_hotel... Reason: Server is restarted
L 05/24/2023 - 11:11:44: Sending '_restart'... Reason: Empty Server
